<?xml version="1.0" encoding="UTF-8"?>
<!-- Generated by org.testng.reporters.JUnitXMLReporter -->
<testsuite ignored="0" hostname="AQMIT-LPT-10781" failures="0" tests="3" name="Default test" time="16.058" errors="0" timestamp="01 Jul 2022 05:56:55 GMT">
  <testcase classname="day5.Runner" name="forgetLinkCheck" time="5.452"/>
  <testcase classname="day5.Runner" name="forgetPageCancelCheck" time="0.565"/>
  <testcase classname="day5.Runner" name="loginCheck" time="5.339"/>
</testsuite> <!-- Default test -->
