<?xml version="1.0" encoding="UTF-8"?>
<!-- Generated by org.testng.reporters.JUnitXMLReporter -->
<testsuite ignored="0" hostname="AQMIT-LPT-10781" failures="0" tests="4" name="Default test" time="89.153" errors="0" timestamp="05 Jul 2022 06:16:48 GMT">
  <testcase classname="frameWork.KeyRunner2" name="f" time="49.751"/>
  <testcase classname="frameWork.KeyRunner2" name="f" time="0.073"/>
  <testcase classname="frameWork.KeyRunner2" name="f" time="0.077"/>
  <testcase classname="frameWork.KeyRunner2" name="f" time="33.542"/>
</testsuite> <!-- Default test -->
