<?xml version="1.0" encoding="UTF-8"?>
<!-- Generated by org.testng.reporters.JUnitXMLReporter -->
<testsuite ignored="0" hostname="AQMIT-LPT-10781" failures="1" tests="2" name="Default test(failed)(failed)" time="38.628" errors="0" timestamp="29 Jun 2022 06:29:11 GMT">
  <testcase classname="day3.FirstNG" name="welcomePageTest" time="33.939">
    <failure type="java.lang.AssertionError" message="expected [TestNG- Welcome] but found [TestNG - Welcome]">
      <![CDATA[java.lang.AssertionError: expected [TestNG- Welcome] but found [TestNG - Welcome]
at day3.FirstNG.welcomePageTest(FirstNG.java:29)
... Removed 31 stack frames]]>
    </failure>
  </testcase> <!-- welcomePageTest -->
  <testcase classname="day3.FirstNG" name="antTest" time="0.0">
    <skipped/>
  </testcase> <!-- antTest -->
</testsuite> <!-- Default test(failed)(failed) -->
