<?xml version="1.0" encoding="UTF-8"?>
<testng-results ignored="0" total="1" passed="1" failed="0" skipped="0">
  <reporter-output>
  </reporter-output>
  <suite started-at="2022-07-01T06:27:37Z" name="Default suite" finished-at="2022-07-01T06:27:37Z" duration-ms="667">
    <groups>
    </groups>
    <test started-at="2022-07-01T06:27:37Z" name="Default test" finished-at="2022-07-01T06:27:37Z" duration-ms="667">
      <class name="day5.Reading">
        <test-method signature="f()[pri:0, instance:day5.Reading@484970b0]" started-at="2022-07-01T06:27:37Z" name="f" finished-at="2022-07-01T06:27:37Z" duration-ms="650" status="PASS">
          <reporter-output>
          </reporter-output>
        </test-method> <!-- f -->
      </class> <!-- day5.Reading -->
    </test> <!-- Default test -->
  </suite> <!-- Default suite -->
</testng-results>
